[09/23/2022 13:53:27] Debug: Session id: 3f48663f-a8d3-4561-a8d3-1d2588caf140
[09/23/2022 13:53:27] Debug: Code Processor information: Name :SnowConvert, Version: 9.0.49.0
[09/23/2022 13:53:28] Debug: Getting license
[09/23/2022 13:53:28] Debug: License information
	Status: Failed
	Message: No active license available.
[09/23/2022 13:53:28] Info: Starting to validate parameters
[09/23/2022 13:53:28] Info: Parameters to validate: 
	Execution mode: Conversion
	LICENSE_KEY: a3372138-b87e-4a08-b929-3b48b24c63f1
[09/23/2022 13:53:28] Info: Validation of parameters: Success
[09/23/2022 13:53:28] Debug: Getting code descriptor
[09/23/2022 13:53:28] Debug: Code descriptor information
	Units: 51
	Units type: LOC
	All file bytes: 2141
	All found extensions: .sql,.dml,.ddl,.bteq,.btq,.fl,.fload,.ml,.mload,.mld,.tp,.tpump,.tpt
[09/23/2022 13:53:28] Debug: Calculating fingerprint
[09/23/2022 13:53:28] Debug: Fingerprint information Fingerprint(size=2141,projects=1)
[09/23/2022 13:53:28] Info: Starting to try to validate online license for execution
[09/23/2022 13:53:30] Debug: Getting license
[09/23/2022 13:53:30] Debug: License information
	Status: Failed
	Message: No active license available.
[09/23/2022 13:53:30] Debug: Starting the execution of the controller
[09/23/2022 13:53:31] Debug: Executing the worker: SnowConvert
[09/23/2022 13:53:43] Debug: Finished executing the worker: SnowConvert
[09/23/2022 13:53:45] Info: Controller execution ended
